<?xml version="1.0" encoding="UTF-8"?>
<testng-results skipped="0" failed="0" ignored="0" total="1" passed="1">
  <reporter-output>
  </reporter-output>
  <suite name="Default suite" duration-ms="64" started-at="2020-11-30T14:51:32 EST" finished-at="2020-11-30T14:51:32 EST">
    <groups>
    </groups>
    <test name="Default test" duration-ms="64" started-at="2020-11-30T14:51:32 EST" finished-at="2020-11-30T14:51:32 EST">
      <class name="com.javaprectice.TestNG">
        <test-method status="PASS" signature="abc()[pri:0, instance:com.javaprectice.TestNG@10bbd20a]" name="abc" duration-ms="11" started-at="2020-11-30T14:51:32 EST" finished-at="2020-11-30T14:51:32 EST">
          <reporter-output>
          </reporter-output>
        </test-method> <!-- abc -->
      </class> <!-- com.javaprectice.TestNG -->
    </test> <!-- Default test -->
  </suite> <!-- Default suite -->
</testng-results>
